<?xml version="1.0" encoding="UTF-8"?>
<testsuites name="bun test" tests="1818" assertions="4322" failures="28" skipped="0" time="2.123967">
  <testsuite name="__tests__/core.test.ts" file="__tests__/core.test.ts" tests="16" assertions="40" failures="0" skipped="0" time="0" hostname="Andrews-MacBook-Pro-188.local">
    <testsuite name="Core Types" file="__tests__/core.test.ts" line="58" tests="4" assertions="7" failures="0" skipped="0" time="0.024" hostname="Andrews-MacBook-Pro-188.local">
      <testcase name="Component interface should be properly typed" classname="Core Types" time="0.01685" file="__tests__/core.test.ts" line="59" assertions="2" />
      <testcase name="Component update should handle messages correctly" classname="Core Types" time="0.006941" file="__tests__/core.test.ts" line="68" assertions="3" />
      <testcase name="Component view should render correctly" classname="Core Types" time="0.001417" file="__tests__/core.test.ts" line="86" assertions="1" />
      <testcase name="Component should handle system messages" classname="Core Types" time="0.001227" file="__tests__/core.test.ts" line="94" assertions="1" />
    </testsuite>
    <testsuite name="Error System" file="__tests__/core.test.ts" line="116" tests="6" assertions="21" failures="0" skipped="0" time="0" hostname="Andrews-MacBook-Pro-188.local">
      <testcase name="TerminalError should be properly structured" classname="Error System" time="0.000145" file="__tests__/core.test.ts" line="117" assertions="5" />
      <testcase name="InputError should be properly structured" classname="Error System" time="0.000031" file="__tests__/core.test.ts" line="132" assertions="3" />
      <testcase name="RenderError should be properly structured" classname="Error System" time="0.000038" file="__tests__/core.test.ts" line="144" assertions="4" />
      <testcase name="ErrorUtils.isCritical should classify errors correctly" classname="Error System" time="0.00005" file="__tests__/core.test.ts" line="157" assertions="3" />
      <testcase name="ErrorUtils.fromUnknown should handle various error types" classname="Error System" time="0.000107" file="__tests__/core.test.ts" line="166" assertions="4" />
      <testcase name="ErrorUtils.getUserMessage should provide user-friendly messages" classname="Error System" time="0.000048" file="__tests__/core.test.ts" line="186" assertions="2" />
    </testsuite>
    <testsuite name="Error Boundaries" file="__tests__/core.test.ts" line="202" tests="3" assertions="5" failures="0" skipped="0" time="0.002" hostname="Andrews-MacBook-Pro-188.local">
      <testcase name="withErrorBoundary should catch and handle errors" classname="Error Boundaries" time="0.000678" file="__tests__/core.test.ts" line="203" assertions="1" />
      <testcase name="withErrorBoundary should pass through successful effects" classname="Error Boundaries" time="0.000066" file="__tests__/core.test.ts" line="216" assertions="1" />
      <testcase name="Recovery strategies should work correctly" classname="Error Boundaries" time="0.00214" file="__tests__/core.test.ts" line="228" assertions="3" />
    </testsuite>
    <testsuite name="Framework Integration" file="__tests__/core.test.ts" line="260" tests="3" assertions="7" failures="0" skipped="0" time="0.011" hostname="Andrews-MacBook-Pro-188.local">
      <testcase name="Component should work with mock services" classname="Framework Integration" time="0.004489" file="__tests__/core.test.ts" line="261" assertions="3" />
      <testcase name="Multiple components should not interfere" classname="Framework Integration" time="0.003552" file="__tests__/core.test.ts" line="285" assertions="2" />
      <testcase name="Error handling should work end-to-end" classname="Framework Integration" time="0.004291" file="__tests__/core.test.ts" line="299" assertions="2" />
    </testsuite>
  </testsuite>
  <testsuite name="tests/e2e/process-monitor.test.ts" file="tests/e2e/process-monitor.test.ts" tests="7" assertions="24" failures="0" skipped="0" time="0" hostname="Andrews-MacBook-Pro-188.local">
    <testcase name="Process Monitor - Initial State" classname="" time="0.000428" file="tests/e2e/process-monitor.test.ts" line="122" assertions="6" />
    <testcase name="Process Monitor - Refresh Functionality" classname="" time="0.000309" file="tests/e2e/process-monitor.test.ts" line="138" assertions="3" />
    <testcase name="Process Monitor - Kill Process" classname="" time="0.000175" file="tests/e2e/process-monitor.test.ts" line="154" assertions="1" />
    <testcase name="Process Monitor - Change Refresh Rate" classname="" time="0.000207" file="tests/e2e/process-monitor.test.ts" line="168" assertions="3" />
    <testcase name="Process Monitor - Navigation" classname="" time="0.000298" file="tests/e2e/process-monitor.test.ts" line="187" assertions="3" />
    <testcase name="Process Monitor - Keyboard Mapping" classname="" time="0.000042" file="tests/e2e/process-monitor.test.ts" line="210" assertions="6" />
    <testcase name="Process Monitor - Keyboard Sequence" classname="" time="0.000219" file="tests/e2e/process-monitor.test.ts" line="220" assertions="2" />
  </testsuite>
  <testsuite name="tests/e2e/log-viewer.test.ts" file="tests/e2e/log-viewer.test.ts" tests="8" assertions="43" failures="0" skipped="0" time="0" hostname="Andrews-MacBook-Pro-188.local">
    <testcase name="Log Viewer - Initial State" classname="" time="0.00024" file="tests/e2e/log-viewer.test.ts" line="198" assertions="5" />
    <testcase name="Log Viewer - Toggle Search Mode" classname="" time="0.000354" file="tests/e2e/log-viewer.test.ts" line="213" assertions="2" />
    <testcase name="Log Viewer - Toggle Filters" classname="" time="0.000246" file="tests/e2e/log-viewer.test.ts" line="228" assertions="4" />
    <testcase name="Log Viewer - Level Filtering" classname="" time="0.000243" file="tests/e2e/log-viewer.test.ts" line="248" assertions="6" />
    <testcase name="Log Viewer - Navigation" classname="" time="0.000155" file="tests/e2e/log-viewer.test.ts" line="274" assertions="5" />
    <testcase name="Log Viewer - View Mode Toggle" classname="" time="0.000302" file="tests/e2e/log-viewer.test.ts" line="298" assertions="4" />
    <testcase name="Log Viewer - Keyboard Mapping" classname="" time="0.000087" file="tests/e2e/log-viewer.test.ts" line="321" assertions="11" />
    <testcase name="Log Viewer - Complex Workflow" classname="" time="0.000256" file="tests/e2e/log-viewer.test.ts" line="355" assertions="6" />
  </testsuite>
  <testsuite name="tests/e2e/recommended-approach.test.ts" file="tests/e2e/recommended-approach.test.ts" tests="4" assertions="21" failures="0" skipped="0" time="0" hostname="Andrews-MacBook-Pro-188.local">
    <testcase name="Editor - Component Logic" classname="" time="0.000534" file="tests/e2e/recommended-approach.test.ts" line="111" assertions="7" />
    <testcase name="Editor - Keyboard Mapping" classname="" time="0.000067" file="tests/e2e/recommended-approach.test.ts" line="143" assertions="8" />
    <testcase name="Editor - Keyboard Sequence" classname="" time="0.000272" file="tests/e2e/recommended-approach.test.ts" line="161" assertions="3" />
    <testcase name="Editor - Subscription Logic" classname="" time="0.000064" file="tests/e2e/recommended-approach.test.ts" line="196" assertions="3" />
  </testsuite>
  <testsuite name="tests/e2e/log-viewer-component.test.ts" file="tests/e2e/log-viewer-component.test.ts" tests="8" assertions="0" failures="0" skipped="0" time="0" hostname="Andrews-MacBook-Pro-188.local">
    <testcase name="Log Viewer Component - Initial State" classname="" time="0.000496" file="tests/e2e/log-viewer-component.test.ts" line="154" assertions="0" />
    <testcase name="Log Viewer Component - Toggle Search Mode" classname="" time="0.000418" file="tests/e2e/log-viewer-component.test.ts" line="175" assertions="0" />
    <testcase name="Log Viewer Component - Toggle Auto-scroll" classname="" time="0.000148" file="tests/e2e/log-viewer-component.test.ts" line="193" assertions="0" />
    <testcase name="Log Viewer Component - Level Filtering" classname="" time="0.000131" file="tests/e2e/log-viewer-component.test.ts" line="210" assertions="0" />
    <testcase name="Log Viewer Component - Navigation" classname="" time="0.000061" file="tests/e2e/log-viewer-component.test.ts" line="228" assertions="0" />
    <testcase name="Log Viewer Component - Toggle View Mode" classname="" time="0.000054" file="tests/e2e/log-viewer-component.test.ts" line="241" assertions="0" />
    <testcase name="Log Viewer Component - Toggle Filters" classname="" time="0.000061" file="tests/e2e/log-viewer-component.test.ts" line="254" assertions="0" />
    <testcase name="Log Viewer Component - Complex Workflow" classname="" time="0.000164" file="tests/e2e/log-viewer-component.test.ts" line="267" assertions="0" />
  </testsuite>
  <testsuite name="tests/e2e/package-manager.test.ts" file="tests/e2e/package-manager.test.ts" tests="10" assertions="42" failures="0" skipped="0" time="0" hostname="Andrews-MacBook-Pro-188.local">
    <testcase name="Package Manager - Initial State" classname="" time="0.000273" file="tests/e2e/package-manager.test.ts" line="151" assertions="6" />
    <testcase name="Package Manager - Tab Navigation" classname="" time="0.0003" file="tests/e2e/package-manager.test.ts" line="167" assertions="6" />
    <testcase name="Package Manager - Install Package" classname="" time="0.00014" file="tests/e2e/package-manager.test.ts" line="193" assertions="2" />
    <testcase name="Package Manager - Uninstall Package" classname="" time="0.000133" file="tests/e2e/package-manager.test.ts" line="208" assertions="2" />
    <testcase name="Package Manager - Update Package" classname="" time="0.000233" file="tests/e2e/package-manager.test.ts" line="223" assertions="2" />
    <testcase name="Package Manager - Bulk Install" classname="" time="0.000223" file="tests/e2e/package-manager.test.ts" line="238" assertions="2" />
    <testcase name="Package Manager - Package Selection" classname="" time="0.000169" file="tests/e2e/package-manager.test.ts" line="253" assertions="2" />
    <testcase name="Package Manager - Search" classname="" time="0.000153" file="tests/e2e/package-manager.test.ts" line="268" assertions="3" />
    <testcase name="Package Manager - Keyboard Mapping" classname="" time="0.000052" file="tests/e2e/package-manager.test.ts" line="287" assertions="8" />
    <testcase name="Package Manager - Complete Workflow" classname="" time="0.000403" file="tests/e2e/package-manager.test.ts" line="299" assertions="9" />
  </testsuite>
  <testsuite name="tests/e2e/git-dashboard.test.ts" file="tests/e2e/git-dashboard.test.ts" tests="9" assertions="39" failures="0" skipped="0" time="0" hostname="Andrews-MacBook-Pro-188.local">
    <testcase name="Git Dashboard - Initial State" classname="" time="0.00095" file="tests/e2e/git-dashboard.test.ts" line="148" assertions="6" />
    <testcase name="Git Dashboard - Panel Navigation" classname="" time="0.00032" file="tests/e2e/git-dashboard.test.ts" line="164" assertions="7" />
    <testcase name="Git Dashboard - File Selection" classname="" time="0.000131" file="tests/e2e/git-dashboard.test.ts" line="191" assertions="2" />
    <testcase name="Git Dashboard - Stage File" classname="" time="0.000172" file="tests/e2e/git-dashboard.test.ts" line="206" assertions="2" />
    <testcase name="Git Dashboard - Unstage File" classname="" time="0.000287" file="tests/e2e/git-dashboard.test.ts" line="222" assertions="2" />
    <testcase name="Git Dashboard - Commit Files" classname="" time="0.00034" file="tests/e2e/git-dashboard.test.ts" line="239" assertions="3" />
    <testcase name="Git Dashboard - Refresh Status" classname="" time="0.000146" file="tests/e2e/git-dashboard.test.ts" line="259" assertions="1" />
    <testcase name="Git Dashboard - Keyboard Mapping" classname="" time="0.000052" file="tests/e2e/git-dashboard.test.ts" line="273" assertions="8" />
    <testcase name="Git Dashboard - Complete Git Workflow" classname="" time="0.000525" file="tests/e2e/git-dashboard.test.ts" line="285" assertions="8" />
  </testsuite>
  <testsuite name="__tests__/unit/debug-router.test.ts" file="__tests__/unit/debug-router.test.ts" tests="2" assertions="9" failures="0" skipped="0" time="0" hostname="Andrews-MacBook-Pro-188.local">
    <testsuite name="Debug Router" file="__tests__/unit/debug-router.test.ts" line="7" tests="2" assertions="9" failures="0" skipped="0" time="0.001" hostname="Andrews-MacBook-Pro-188.local">
      <testcase name="imports router correctly" classname="Debug Router" time="0.001391" file="__tests__/unit/debug-router.test.ts" line="8" assertions="3" />
      <testcase name="creates router instance" classname="Debug Router" time="0.000099" file="__tests__/unit/debug-router.test.ts" line="16" assertions="6" />
    </testsuite>
  </testsuite>
  <testsuite name="__tests__/unit/jsx-runtime-edge.test.ts" file="__tests__/unit/jsx-runtime-edge.test.ts" tests="19" assertions="32" failures="0" skipped="0" time="0" hostname="Andrews-MacBook-Pro-188.local">
    <testsuite name="JSX Runtime - Edge Cases" file="__tests__/unit/jsx-runtime-edge.test.ts" line="10" tests="19" assertions="32" failures="0" skipped="0" time="0" hostname="Andrews-MacBook-Pro-188.local">
      <testsuite name="jsx function" file="__tests__/unit/jsx-runtime-edge.test.ts" line="11" tests="9" assertions="12" failures="0" skipped="0" time="0.001" hostname="Andrews-MacBook-Pro-188.local">
        <testcase name="handles text elements" classname="jsx function &amp;gt; JSX Runtime - Edge Cases" time="0.001154" file="__tests__/unit/jsx-runtime-edge.test.ts" line="12" assertions="1" />
        <testcase name="handles vstack elements" classname="jsx function &amp;gt; JSX Runtime - Edge Cases" time="0.000373" file="__tests__/unit/jsx-runtime-edge.test.ts" line="18" assertions="2" />
        <testcase name="handles hstack elements" classname="jsx function &amp;gt; JSX Runtime - Edge Cases" time="0.000398" file="__tests__/unit/jsx-runtime-edge.test.ts" line="28" assertions="2" />
        <testcase name="handles custom components" classname="jsx function &amp;gt; JSX Runtime - Edge Cases" time="0.000058" file="__tests__/unit/jsx-runtime-edge.test.ts" line="38" assertions="1" />
        <testcase name="handles null children" classname="jsx function &amp;gt; JSX Runtime - Edge Cases" time="0.000047" file="__tests__/unit/jsx-runtime-edge.test.ts" line="47" assertions="1" />
        <testcase name="handles undefined children" classname="jsx function &amp;gt; JSX Runtime - Edge Cases" time="0.000036" file="__tests__/unit/jsx-runtime-edge.test.ts" line="53" assertions="1" />
        <testcase name="handles empty props" classname="jsx function &amp;gt; JSX Runtime - Edge Cases" time="0.000034" file="__tests__/unit/jsx-runtime-edge.test.ts" line="59" assertions="1" />
        <testcase name="handles numeric children" classname="jsx function &amp;gt; JSX Runtime - Edge Cases" time="0.00006" file="__tests__/unit/jsx-runtime-edge.test.ts" line="65" assertions="1" />
        <testcase name="handles boolean children" classname="jsx function &amp;gt; JSX Runtime - Edge Cases" time="0.000062" file="__tests__/unit/jsx-runtime-edge.test.ts" line="71" assertions="2" />
      </testsuite>
      <testsuite name="jsxs function" file="__tests__/unit/jsx-runtime-edge.test.ts" line="83" tests="3" assertions="7" failures="0" skipped="0" time="0" hostname="Andrews-MacBook-Pro-188.local">
        <testcase name="handles multiple children" classname="jsxs function &amp;gt; JSX Runtime - Edge Cases" time="0.000151" file="__tests__/unit/jsx-runtime-edge.test.ts" line="84" assertions="3" />
        <testcase name="handles mixed children types" classname="jsxs function &amp;gt; JSX Runtime - Edge Cases" time="0.000086" file="__tests__/unit/jsx-runtime-edge.test.ts" line="99" assertions="3" />
        <testcase name="filters out null and undefined" classname="jsxs function &amp;gt; JSX Runtime - Edge Cases" time="0.000043" file="__tests__/unit/jsx-runtime-edge.test.ts" line="116" assertions="1" />
      </testsuite>
      <testsuite name="jsxDEV function" file="__tests__/unit/jsx-runtime-edge.test.ts" line="126" tests="2" assertions="3" failures="0" skipped="0" time="0" hostname="Andrews-MacBook-Pro-188.local">
        <testcase name="works in development mode" classname="jsxDEV function &amp;gt; JSX Runtime - Edge Cases" time="0.000058" file="__tests__/unit/jsx-runtime-edge.test.ts" line="127" assertions="1" />
        <testcase name="handles source information" classname="jsxDEV function &amp;gt; JSX Runtime - Edge Cases" time="0.000092" file="__tests__/unit/jsx-runtime-edge.test.ts" line="141" assertions="2" />
      </testsuite>
      <testsuite name="Fragment" file="__tests__/unit/jsx-runtime-edge.test.ts" line="160" tests="2" assertions="3" failures="0" skipped="0" time="0" hostname="Andrews-MacBook-Pro-188.local">
        <testcase name="Fragment is defined" classname="Fragment &amp;gt; JSX Runtime - Edge Cases" time="0.000013" file="__tests__/unit/jsx-runtime-edge.test.ts" line="161" assertions="2" />
        <testcase name="can be used in JSX" classname="Fragment &amp;gt; JSX Runtime - Edge Cases" time="0.0001" file="__tests__/unit/jsx-runtime-edge.test.ts" line="166" assertions="1" />
      </testsuite>
      <testsuite name="Integration patterns" file="__tests__/unit/jsx-runtime-edge.test.ts" line="179" tests="3" assertions="7" failures="0" skipped="0" time="0" hostname="Andrews-MacBook-Pro-188.local">
        <testcase name="handles nested components" classname="Integration patterns &amp;gt; JSX Runtime - Edge Cases" time="0.000142" file="__tests__/unit/jsx-runtime-edge.test.ts" line="180" assertions="2" />
        <testcase name="handles conditional rendering" classname="Integration patterns &amp;gt; JSX Runtime - Edge Cases" time="0.000142" file="__tests__/unit/jsx-runtime-edge.test.ts" line="202" assertions="2" />
        <testcase name="handles array mapping" classname="Integration patterns &amp;gt; JSX Runtime - Edge Cases" time="0.000159" file="__tests__/unit/jsx-runtime-edge.test.ts" line="218" assertions="3" />
      </testsuite>
    </testsuite>
  </testsuite>
  <testsuite name="__tests__/performance/rendering.bench.test.ts" file="__tests__/performance/rendering.bench.test.ts" tests="6" assertions="6" failures="0" skipped="0" time="0" hostname="Andrews-MacBook-Pro-188.local">
    <testsuite name="Rendering Performance" file="__tests__/performance/rendering.bench.test.ts" line="13" tests="6" assertions="6" failures="0" skipped="0" time="0.153" hostname="Andrews-MacBook-Pro-188.local">
      <testcase name="simple text rendering" classname="Rendering Performance" time="0.001703" file="__tests__/performance/rendering.bench.test.ts" line="26" assertions="1" />
      <testcase name="styled text rendering" classname="Rendering Performance" time="0.011223" file="__tests__/performance/rendering.bench.test.ts" line="34" assertions="1" />
      <testcase name="vstack with 10 items" classname="Rendering Performance" time="0.007952" file="__tests__/performance/rendering.bench.test.ts" line="45" assertions="1" />
      <testcase name="vstack with 100 items" classname="Rendering Performance" time="0.002535" file="__tests__/performance/rendering.bench.test.ts" line="55" assertions="1" />
      <testcase name="nested layout rendering" classname="Rendering Performance" time="0.112601" file="__tests__/performance/rendering.bench.test.ts" line="65" assertions="1" />
      <testcase name="panel rendering" classname="Rendering Performance" time="0.020439" file="__tests__/performance/rendering.bench.test.ts" line="79" assertions="1" />
    </testsuite>
  </testsuite>
  <testsuite name="__tests__/performance/cli-startup.bench.test.ts" file="__tests__/performance/cli-startup.bench.test.ts" tests="6" assertions="6" failures="0" skipped="0" time="0" hostname="Andrews-MacBook-Pro-188.local">
    <testsuite name="CLI Startup Performance" file="__tests__/performance/cli-startup.bench.test.ts" line="13" tests="6" assertions="6" failures="0" skipped="0" time="0.003" hostname="Andrews-MacBook-Pro-188.local">
      <testcase name="minimal config parsing" classname="CLI Startup Performance" time="0.000558" file="__tests__/performance/cli-startup.bench.test.ts" line="60" assertions="1" />
      <testcase name="complex config parsing" classname="CLI Startup Performance" time="0.003182" file="__tests__/performance/cli-startup.bench.test.ts" line="68" assertions="1" />
      <testcase name="router initialization - minimal" classname="CLI Startup Performance" time="0.000184" file="__tests__/performance/cli-startup.bench.test.ts" line="76" assertions="1" />
      <testcase name="router initialization - complex" classname="CLI Startup Performance" time="0.000152" file="__tests__/performance/cli-startup.bench.test.ts" line="83" assertions="1" />
      <testcase name="help generation - minimal" classname="CLI Startup Performance" time="0.000239" file="__tests__/performance/cli-startup.bench.test.ts" line="90" assertions="1" />
      <testcase name="help generation - complex" classname="CLI Startup Performance" time="0.000919" file="__tests__/performance/cli-startup.bench.test.ts" line="99" assertions="1" />
    </testsuite>
  </testsuite>
  <testsuite name="__tests__/e2e/button-showcase.test.ts" file="__tests__/e2e/button-showcase.test.ts" tests="8" assertions="14" failures="0" skipped="0" time="0.001" hostname="Andrews-MacBook-Pro-188.local">
    <testcase name="Button Showcase - Initial State" classname="" time="0.001104" file="__tests__/e2e/button-showcase.test.ts" line="119" assertions="4" />
    <testcase name="Button Showcase - Navigation Down" classname="" time="0.00031" file="__tests__/e2e/button-showcase.test.ts" line="133" assertions="2" />
    <testcase name="Button Showcase - Navigation Up" classname="" time="0.00017" file="__tests__/e2e/button-showcase.test.ts" line="148" assertions="1" />
    <testcase name="Button Showcase - Button Activation" classname="" time="0.000188" file="__tests__/e2e/button-showcase.test.ts" line="163" assertions="1" />
    <testcase name="Button Showcase - Disabled Button Handling" classname="" time="0.00015" file="__tests__/e2e/button-showcase.test.ts" line="181" assertions="1" />
    <testcase name="Button Showcase - Direct Button Click" classname="" time="0.000053" file="__tests__/e2e/button-showcase.test.ts" line="198" assertions="1" />
    <testcase name="Button Showcase - Clear Message" classname="" time="0.000251" file="__tests__/e2e/button-showcase.test.ts" line="212" assertions="2" />
    <testcase name="Button Showcase - Navigation Bounds" classname="" time="0.00025" file="__tests__/e2e/button-showcase.test.ts" line="228" assertions="2" />
  </testsuite>
  <testsuite name="__tests__/e2e/layout-patterns.test.ts" file="__tests__/e2e/layout-patterns.test.ts" tests="8" assertions="28" failures="0" skipped="0" time="0" hostname="Andrews-MacBook-Pro-188.local">
    <testcase name="Layout Patterns - Initial State" classname="" time="0.000229" file="__tests__/e2e/layout-patterns.test.ts" line="69" assertions="3" />
    <testcase name="Layout Patterns - Next Layout Navigation" classname="" time="0.000183" file="__tests__/e2e/layout-patterns.test.ts" line="82" assertions="3" />
    <testcase name="Layout Patterns - Previous Layout Navigation" classname="" time="0.000146" file="__tests__/e2e/layout-patterns.test.ts" line="98" assertions="2" />
    <testcase name="Layout Patterns - Wrap Around Navigation" classname="" time="0.000186" file="__tests__/e2e/layout-patterns.test.ts" line="114" assertions="2" />
    <testcase name="Layout Patterns - Reverse Wrap Around" classname="" time="0.000114" file="__tests__/e2e/layout-patterns.test.ts" line="132" assertions="2" />
    <testcase name="Layout Patterns - All Layout Names" classname="" time="0.000185" file="__tests__/e2e/layout-patterns.test.ts" line="147" assertions="8" />
    <testcase name="Layout Patterns - Navigation Instructions" classname="" time="0.000125" file="__tests__/e2e/layout-patterns.test.ts" line="175" assertions="6" />
    <testcase name="Layout Patterns - Rapid Navigation" classname="" time="0.000179" file="__tests__/e2e/layout-patterns.test.ts" line="191" assertions="2" />
  </testsuite>
  <testsuite name="__tests__/unit/core/errors.test.ts" file="__tests__/unit/core/errors.test.ts" tests="34" assertions="108" failures="0" skipped="0" time="0" hostname="Andrews-MacBook-Pro-188.local">
    <testsuite name="Error Classes" file="__tests__/unit/core/errors.test.ts" line="27" tests="15" assertions="46" failures="0" skipped="0" time="0" hostname="Andrews-MacBook-Pro-188.local">
      <testsuite name="TerminalError" file="__tests__/unit/core/errors.test.ts" line="28" tests="2" assertions="7" failures="0" skipped="0" time="0" hostname="Andrews-MacBook-Pro-188.local">
        <testcase name="creates terminal error with required fields" classname="TerminalError &amp;gt; Error Classes" time="0.000076" file="__tests__/unit/core/errors.test.ts" line="29" assertions="5" />
        <testcase name="includes cause and context" classname="TerminalError &amp;gt; Error Classes" time="0.000029" file="__tests__/unit/core/errors.test.ts" line="42" assertions="2" />
      </testsuite>
      <testsuite name="InputError" file="__tests__/unit/core/errors.test.ts" line="55" tests="2" assertions="5" failures="0" skipped="0" time="0" hostname="Andrews-MacBook-Pro-188.local">
        <testcase name="creates input error for different devices" classname="InputError &amp;gt; Error Classes" time="0.000028" file="__tests__/unit/core/errors.test.ts" line="56" assertions="4" />
        <testcase name="handles error without operation" classname="InputError &amp;gt; Error Classes" time="0.000012" file="__tests__/unit/core/errors.test.ts" line="73" assertions="1" />
      </testsuite>
      <testsuite name="RenderError" file="__tests__/unit/core/errors.test.ts" line="82" tests="2" assertions="6" failures="0" skipped="0" time="0" hostname="Andrews-MacBook-Pro-188.local">
        <testcase name="creates render error" classname="RenderError &amp;gt; Error Classes" time="0.000021" file="__tests__/unit/core/errors.test.ts" line="83" assertions="5" />
        <testcase name="handles error without operation" classname="RenderError &amp;gt; Error Classes" time="0.000012" file="__tests__/unit/core/errors.test.ts" line="97" assertions="1" />
      </testsuite>
      <testsuite name="StorageError" file="__tests__/unit/core/errors.test.ts" line="106" tests="2" assertions="5" failures="0" skipped="0" time="0" hostname="Andrews-MacBook-Pro-188.local">
        <testcase name="creates storage error with path" classname="StorageError &amp;gt; Error Classes" time="0.000041" file="__tests__/unit/core/errors.test.ts" line="107" assertions="4" />
        <testcase name="creates storage error without path" classname="StorageError &amp;gt; Error Classes" time="0.000012" file="__tests__/unit/core/errors.test.ts" line="119" assertions="1" />
      </testsuite>
      <testsuite name="ConfigError" file="__tests__/unit/core/errors.test.ts" line="128" tests="2" assertions="6" failures="0" skipped="0" time="0" hostname="Andrews-MacBook-Pro-188.local">
        <testcase name="creates config error with key and expected" classname="ConfigError &amp;gt; Error Classes" time="0.000033" file="__tests__/unit/core/errors.test.ts" line="129" assertions="5" />
        <testcase name="creates config error without key" classname="ConfigError &amp;gt; Error Classes" time="0.000016" file="__tests__/unit/core/errors.test.ts" line="143" assertions="1" />
      </testsuite>
      <testsuite name="ComponentError" file="__tests__/unit/core/errors.test.ts" line="152" tests="1" assertions="5" failures="0" skipped="0" time="0" hostname="Andrews-MacBook-Pro-188.local">
        <testcase name="creates component error" classname="ComponentError &amp;gt; Error Classes" time="0.000024" file="__tests__/unit/core/errors.test.ts" line="153" assertions="5" />
      </testsuite>
      <testsuite name="ApplicationError" file="__tests__/unit/core/errors.test.ts" line="168" tests="2" assertions="6" failures="0" skipped="0" time="0" hostname="Andrews-MacBook-Pro-188.local">
        <testcase name="creates application error" classname="ApplicationError &amp;gt; Error Classes" time="0.000017" file="__tests__/unit/core/errors.test.ts" line="169" assertions="5" />
        <testcase name="handles error without operation" classname="ApplicationError &amp;gt; Error Classes" time="0.000012" file="__tests__/unit/core/errors.test.ts" line="183" assertions="1" />
      </testsuite>
      <testsuite name="ValidationError" file="__tests__/unit/core/errors.test.ts" line="192" tests="2" assertions="6" failures="0" skipped="0" time="0" hostname="Andrews-MacBook-Pro-188.local">
        <testcase name="creates validation error" classname="ValidationError &amp;gt; Error Classes" time="0.000034" file="__tests__/unit/core/errors.test.ts" line="193" assertions="5" />
        <testcase name="creates validation error with multiple fields" classname="ValidationError &amp;gt; Error Classes" time="0.000021" file="__tests__/unit/core/errors.test.ts" line="208" assertions="1" />
      </testsuite>
    </testsuite>
    <testsuite name="Error Utilities" file="__tests__/unit/core/errors.test.ts" line="220" tests="2" assertions="8" failures="0" skipped="0" time="0" hostname="Andrews-MacBook-Pro-188.local">
      <testsuite name="isAppError" file="__tests__/unit/core/errors.test.ts" line="221" tests="1" assertions="6" failures="0" skipped="0" time="0" hostname="Andrews-MacBook-Pro-188.local">
        <testcase name="identifies app errors" classname="isAppError &amp;gt; Error Utilities" time="0.00007" file="__tests__/unit/core/errors.test.ts" line="222" assertions="6" />
      </testsuite>
      <testsuite name="ErrorCode enum" file="__tests__/unit/core/errors.test.ts" line="236" tests="1" assertions="2" failures="0" skipped="0" time="0" hostname="Andrews-MacBook-Pro-188.local">
        <testcase name="has all error codes" classname="ErrorCode enum &amp;gt; Error Utilities" time="0.000003" file="__tests__/unit/core/errors.test.ts" line="237" assertions="2" />
      </testsuite>
    </testsuite>
    <testsuite name="Recovery Strategies" file="__tests__/unit/core/errors.test.ts" line="246" tests="6" assertions="9" failures="0" skipped="0" time="0" hostname="Andrews-MacBook-Pro-188.local">
      <testsuite name="retry strategy" file="__tests__/unit/core/errors.test.ts" line="247" tests="2" assertions="5" failures="0" skipped="0" time="0" hostname="Andrews-MacBook-Pro-188.local">
        <testcase name="creates retry strategy" classname="retry strategy &amp;gt; Recovery Strategies" time="0.000038" file="__tests__/unit/core/errors.test.ts" line="248" assertions="3" />
        <testcase name="has default values" classname="retry strategy &amp;gt; Recovery Strategies" time="0.000014" file="__tests__/unit/core/errors.test.ts" line="256" assertions="2" />
      </testsuite>
      <testsuite name="fallback strategy" file="__tests__/unit/core/errors.test.ts" line="264" tests="1" assertions="1" failures="0" skipped="0" time="0" hostname="Andrews-MacBook-Pro-188.local">
        <testcase name="uses fallback value on error" classname="fallback strategy &amp;gt; Recovery Strategies" time="0.000113" file="__tests__/unit/core/errors.test.ts" line="265" assertions="1" />
      </testsuite>
      <testsuite name="ignore strategy" file="__tests__/unit/core/errors.test.ts" line="280" tests="1" assertions="1" failures="0" skipped="0" time="0" hostname="Andrews-MacBook-Pro-188.local">
        <testcase name="ignores error and returns null" classname="ignore strategy &amp;gt; Recovery Strategies" time="0.000055" file="__tests__/unit/core/errors.test.ts" line="281" assertions="1" />
      </testsuite>
      <testsuite name="restoreTerminal strategy" file="__tests__/unit/core/errors.test.ts" line="292" tests="2" assertions="2" failures="0" skipped="0" time="0" hostname="Andrews-MacBook-Pro-188.local">
        <testcase name="can recover non-fatal terminal errors" classname="restoreTerminal strategy &amp;gt; Recovery Strategies" time="0.000038" file="__tests__/unit/core/errors.test.ts" line="293" assertions="1" />
        <testcase name="cannot recover fatal terminal errors" classname="restoreTerminal strategy &amp;gt; Recovery Strategies" time="0.00002" file="__tests__/unit/core/errors.test.ts" line="300" assertions="1" />
      </testsuite>
    </testsuite>
    <testsuite name="Error Boundaries" file="__tests__/unit/core/errors.test.ts" line="310" tests="3" assertions="4" failures="0" skipped="0" time="0" hostname="Andrews-MacBook-Pro-188.local">
      <testsuite name="withErrorBoundary" file="__tests__/unit/core/errors.test.ts" line="311" tests="2" assertions="3" failures="0" skipped="0" time="0" hostname="Andrews-MacBook-Pro-188.local">
        <testcase name="handles errors with fallback" classname="withErrorBoundary &amp;gt; Error Boundaries" time="0.000128" file="__tests__/unit/core/errors.test.ts" line="312" assertions="1" />
        <testcase name="calls onError handler" classname="withErrorBoundary &amp;gt; Error Boundaries" time="0.000118" file="__tests__/unit/core/errors.test.ts" line="326" assertions="2" />
      </testsuite>
      <testsuite name="withRecovery" file="__tests__/unit/core/errors.test.ts" line="347" tests="1" assertions="1" failures="0" skipped="0" time="0" hostname="Andrews-MacBook-Pro-188.local">
        <testcase name="applies recovery strategy" classname="withRecovery &amp;gt; Error Boundaries" time="0.000094" file="__tests__/unit/core/errors.test.ts" line="348" assertions="1" />
      </testsuite>
    </testsuite>
    <testsuite name="ErrorUtils" file="__tests__/unit/core/errors.test.ts" line="361" tests="8" assertions="41" failures="0" skipped="0" time="0" hostname="Andrews-MacBook-Pro-188.local">
      <testsuite name="isRecoverable" file="__tests__/unit/core/errors.test.ts" line="362" tests="1" assertions="8" failures="0" skipped="0" time="0" hostname="Andrews-MacBook-Pro-188.local">
        <testcase name="identifies recoverable errors" classname="isRecoverable &amp;gt; ErrorUtils" time="0.000067" file="__tests__/unit/core/errors.test.ts" line="363" assertions="8" />
      </testsuite>
      <testsuite name="isCritical" file="__tests__/unit/core/errors.test.ts" line="376" tests="1" assertions="4" failures="0" skipped="0" time="0" hostname="Andrews-MacBook-Pro-188.local">
        <testcase name="identifies critical errors" classname="isCritical &amp;gt; ErrorUtils" time="0.000025" file="__tests__/unit/core/errors.test.ts" line="377" assertions="4" />
      </testsuite>
      <testsuite name="getUserMessage" file="__tests__/unit/core/errors.test.ts" line="386" tests="1" assertions="8" failures="0" skipped="0" time="0" hostname="Andrews-MacBook-Pro-188.local">
        <testcase name="converts errors to user-friendly messages" classname="getUserMessage &amp;gt; ErrorUtils" time="0.000054" file="__tests__/unit/core/errors.test.ts" line="387" assertions="8" />
      </testsuite>
      <testsuite name="getDebugInfo" file="__tests__/unit/core/errors.test.ts" line="414" tests="1" assertions="5" failures="0" skipped="0" time="0" hostname="Andrews-MacBook-Pro-188.local">
        <testcase name="returns debug information" classname="getDebugInfo &amp;gt; ErrorUtils" time="0.000057" file="__tests__/unit/core/errors.test.ts" line="415" assertions="5" />
      </testsuite>
      <testsuite name="fromUnknown" file="__tests__/unit/core/errors.test.ts" line="427" tests="3" assertions="10" failures="0" skipped="0" time="0" hostname="Andrews-MacBook-Pro-188.local">
        <testcase name="returns AppError if already an AppError" classname="fromUnknown &amp;gt; ErrorUtils" time="0.000016" file="__tests__/unit/core/errors.test.ts" line="428" assertions="1" />
        <testcase name="wraps Error in ApplicationError" classname="fromUnknown &amp;gt; ErrorUtils" time="0.000025" file="__tests__/unit/core/errors.test.ts" line="435" assertions="5" />
        <testcase name="wraps unknown value in ApplicationError" classname="fromUnknown &amp;gt; ErrorUtils" time="0.00003" file="__tests__/unit/core/errors.test.ts" line="446" assertions="4" />
      </testsuite>
      <testsuite name="logError" file="__tests__/unit/core/errors.test.ts" line="456" tests="1" assertions="6" failures="0" skipped="0" time="0" hostname="Andrews-MacBook-Pro-188.local">
        <testcase name="logs error with debug info" classname="logError &amp;gt; ErrorUtils" time="0.000016" file="__tests__/unit/core/errors.test.ts" line="457" assertions="6" />
      </testsuite>
    </testsuite>
  </testsuite>
  <testsuite name="__tests__/unit/core/view-cache.test.ts" file="__tests__/unit/core/view-cache.test.ts" tests="37" assertions="64" failures="0" skipped="0" time="0" hostname="Andrews-MacBook-Pro-188.local">
    <testsuite name="View Cache System" file="__tests__/unit/core/view-cache.test.ts" line="28" tests="37" assertions="64" failures="0" skipped="0" time="0" hostname="Andrews-MacBook-Pro-188.local">
      <testsuite name="CacheEntry interface" file="__tests__/unit/core/view-cache.test.ts" line="29" tests="1" assertions="3" failures="0" skipped="0" time="0" hostname="Andrews-MacBook-Pro-188.local">
        <testcase name="defines cache entry structure" classname="CacheEntry interface &amp;gt; View Cache System" time="0.000071" file="__tests__/unit/core/view-cache.test.ts" line="30" assertions="3" />
      </testsuite>
      <testsuite name="ViewCache class" file="__tests__/unit/core/view-cache.test.ts" line="43" tests="23" assertions="37" failures="0" skipped="0" time="0" hostname="Andrews-MacBook-Pro-188.local">
        <testsuite name="constructor" file="__tests__/unit/core/view-cache.test.ts" line="50" tests="4" assertions="4" failures="0" skipped="0" time="0" hostname="Andrews-MacBook-Pro-188.local">
          <testcase name="creates cache with default options" classname="constructor &amp;gt; ViewCache class &amp;gt; View Cache System" time="0.000012" file="__tests__/unit/core/view-cache.test.ts" line="51" assertions="1" />
          <testcase name="accepts custom maxSize option" classname="constructor &amp;gt; ViewCache class &amp;gt; View Cache System" time="0.000012" file="__tests__/unit/core/view-cache.test.ts" line="56" assertions="1" />
          <testcase name="accepts custom maxAge option" classname="constructor &amp;gt; ViewCache class &amp;gt; View Cache System" time="0.00001" file="__tests__/unit/core/view-cache.test.ts" line="61" assertions="1" />
          <testcase name="accepts both custom options" classname="constructor &amp;gt; ViewCache class &amp;gt; View Cache System" time="0.00002" file="__tests__/unit/core/view-cache.test.ts" line="66" assertions="1" />
        </testsuite>
        <testsuite name="renderCached" file="__tests__/unit/core/view-cache.test.ts" line="72" tests="6" assertions="9" failures="0" skipped="0" time="0.016" hostname="Andrews-MacBook-Pro-188.local">
          <testcase name="renders and caches new view" classname="renderCached &amp;gt; ViewCache class &amp;gt; View Cache System" time="0.000277" file="__tests__/unit/core/view-cache.test.ts" line="73" assertions="1" />
          <testcase name="returns cached result on second call" classname="renderCached &amp;gt; ViewCache class &amp;gt; View Cache System" time="0.000055" file="__tests__/unit/core/view-cache.test.ts" line="82" assertions="2" />
          <testcase name="increments access count on cache hit" classname="renderCached &amp;gt; ViewCache class &amp;gt; View Cache System" time="0.000135" file="__tests__/unit/core/view-cache.test.ts" line="95" assertions="1" />
          <testcase name="handles async render functions" classname="renderCached &amp;gt; ViewCache class &amp;gt; View Cache System" time="0.011547" file="__tests__/unit/core/view-cache.test.ts" line="108" assertions="1" />
          <testcase name="renders different results for different keys" classname="renderCached &amp;gt; ViewCache class &amp;gt; View Cache System" time="0.000115" file="__tests__/unit/core/view-cache.test.ts" line="117" assertions="2" />
          <testcase name="overwrites expired cache entries" classname="renderCached &amp;gt; ViewCache class &amp;gt; View Cache System" time="0.005547" file="__tests__/unit/core/view-cache.test.ts" line="128" assertions="2" />
        </testsuite>
        <testsuite name="generateKey" file="__tests__/unit/core/view-cache.test.ts" line="146" tests="7" assertions="10" failures="0" skipped="0" time="0" hostname="Andrews-MacBook-Pro-188.local">
          <testcase name="generates consistent keys for same view" classname="generateKey &amp;gt; ViewCache class &amp;gt; View Cache System" time="0.00031" file="__tests__/unit/core/view-cache.test.ts" line="147" assertions="1" />
          <testcase name="generates different keys for different views" classname="generateKey &amp;gt; ViewCache class &amp;gt; View Cache System" time="0.000027" file="__tests__/unit/core/view-cache.test.ts" line="156" assertions="1" />
          <testcase name="includes props in key generation" classname="generateKey &amp;gt; ViewCache class &amp;gt; View Cache System" time="0.00003" file="__tests__/unit/core/view-cache.test.ts" line="166" assertions="1" />
          <testcase name="handles views without props" classname="generateKey &amp;gt; ViewCache class &amp;gt; View Cache System" time="0.00002" file="__tests__/unit/core/view-cache.test.ts" line="175" assertions="2" />
          <testcase name="includes view dimensions in key" classname="generateKey &amp;gt; ViewCache class &amp;gt; View Cache System" time="0.000019" file="__tests__/unit/core/view-cache.test.ts" line="184" assertions="1" />
          <testcase name="handles views with type property" classname="generateKey &amp;gt; ViewCache class &amp;gt; View Cache System" time="0.000078" file="__tests__/unit/core/view-cache.test.ts" line="194" assertions="2" />
          <testcase name="handles complex nested props" classname="generateKey &amp;gt; ViewCache class &amp;gt; View Cache System" time="0.000058" file="__tests__/unit/core/view-cache.test.ts" line="206" assertions="2" />
        </testsuite>
        <testsuite name="clear" file="__tests__/unit/core/view-cache.test.ts" line="221" tests="1" assertions="2" failures="0" skipped="0" time="0" hostname="Andrews-MacBook-Pro-188.local">
          <testcase name="removes all cache entries" classname="clear &amp;gt; ViewCache class &amp;gt; View Cache System" time="0.000107" file="__tests__/unit/core/view-cache.test.ts" line="222" assertions="2" />
        </testsuite>
        <testsuite name="getStats" file="__tests__/unit/core/view-cache.test.ts" line="241" tests="3" assertions="8" failures="0" skipped="0" time="0.01" hostname="Andrews-MacBook-Pro-188.local">
          <testcase name="returns cache statistics" classname="getStats &amp;gt; ViewCache class &amp;gt; View Cache System" time="0.00006" file="__tests__/unit/core/view-cache.test.ts" line="242" assertions="6" />
          <testcase name="calculates total access correctly" classname="getStats &amp;gt; ViewCache class &amp;gt; View Cache System" time="0.00004" file="__tests__/unit/core/view-cache.test.ts" line="261" assertions="1" />
          <testcase name="calculates average age" classname="getStats &amp;gt; ViewCache class &amp;gt; View Cache System" time="0.010916" file="__tests__/unit/core/view-cache.test.ts" line="273" assertions="1" />
        </testsuite>
        <testsuite name="cache eviction" file="__tests__/unit/core/view-cache.test.ts" line="286" tests="2" assertions="4" failures="0" skipped="0" time="0.016" hostname="Andrews-MacBook-Pro-188.local">
          <testcase name="evicts expired entries" classname="cache eviction &amp;gt; ViewCache class &amp;gt; View Cache System" time="0.016225" file="__tests__/unit/core/view-cache.test.ts" line="287" assertions="2" />
          <testcase name="evicts least accessed entries when size limit exceeded" classname="cache eviction &amp;gt; ViewCache class &amp;gt; View Cache System" time="0.000223" file="__tests__/unit/core/view-cache.test.ts" line="305" assertions="2" />
        </testsuite>
      </testsuite>
      <testsuite name="globalViewCache" file="__tests__/unit/core/view-cache.test.ts" line="328" tests="2" assertions="3" failures="0" skipped="0" time="0" hostname="Andrews-MacBook-Pro-188.local">
        <testcase name="provides global cache instance" classname="globalViewCache &amp;gt; View Cache System" time="0.000025" file="__tests__/unit/core/view-cache.test.ts" line="329" assertions="2" />
        <testcase name="can be used across modules" classname="globalViewCache &amp;gt; View Cache System" time="0.000046" file="__tests__/unit/core/view-cache.test.ts" line="334" assertions="1" />
      </testsuite>
      <testsuite name="memoizeRender" file="__tests__/unit/core/view-cache.test.ts" line="344" tests="5" assertions="6" failures="0" skipped="0" time="0.006" hostname="Andrews-MacBook-Pro-188.local">
        <testcase name="creates memoized render function" classname="memoizeRender &amp;gt; View Cache System" time="0.000025" file="__tests__/unit/core/view-cache.test.ts" line="349" assertions="1" />
        <testcase name="caches render results" classname="memoizeRender &amp;gt; View Cache System" time="0.00024" file="__tests__/unit/core/view-cache.test.ts" line="356" assertions="2" />
        <testcase name="uses custom key function when provided" classname="memoizeRender &amp;gt; View Cache System" time="0.000068" file="__tests__/unit/core/view-cache.test.ts" line="371" assertions="1" />
        <testcase name="handles render errors appropriately" classname="memoizeRender &amp;gt; View Cache System" time="0.001118" file="__tests__/unit/core/view-cache.test.ts" line="382" assertions="1" />
        <testcase name="works with async render functions" classname="memoizeRender &amp;gt; View Cache System" time="0.005269" file="__tests__/unit/core/view-cache.test.ts" line="398" assertions="1" />
      </testsuite>
      <testsuite name="integration scenarios" file="__tests__/unit/core/view-cache.test.ts" line="409" tests="4" assertions="10" failures="0" skipped="0" time="0" hostname="Andrews-MacBook-Pro-188.local">
        <testcase name="handles high-frequency rendering" classname="integration scenarios &amp;gt; View Cache System" time="0.000663" file="__tests__/unit/core/view-cache.test.ts" line="414" assertions="3" />
        <testcase name="maintains performance under memory pressure" classname="integration scenarios &amp;gt; View Cache System" time="0.000216" file="__tests__/unit/core/view-cache.test.ts" line="436" assertions="1" />
        <testcase name="handles complex view hierarchies" classname="integration scenarios &amp;gt; View Cache System" time="0.000105" file="__tests__/unit/core/view-cache.test.ts" line="449" assertions="2" />
        <testcase name="works with memoized render functions in real scenarios" classname="integration scenarios &amp;gt; View Cache System" time="0.000246" file="__tests__/unit/core/view-cache.test.ts" line="472" assertions="4" />
      </testsuite>
      <testsuite name="performance characteristics" file="__tests__/unit/core/view-cache.test.ts" line="498" tests="2" assertions="5" failures="0" skipped="0" time="0.028" hostname="Andrews-MacBook-Pro-188.local">
        <testcase name="provides faster access for cached items" classname="performance characteristics &amp;gt; View Cache System" time="0.021359" file="__tests__/unit/core/view-cache.test.ts" line="499" assertions="3" />
        <testcase name="handles large cache sizes efficiently" classname="performance characteristics &amp;gt; View Cache System" time="0.007387" file="__tests__/unit/core/view-cache.test.ts" line="522" assertions="2" />
      </testsuite>
    </testsuite>
  </testsuite>
  <testsuite name="__tests__/unit/core/types.test.ts" file="__tests__/unit/core/types.test.ts" tests="39" assertions="128" failures="0" skipped="0" time="0" hostname="Andrews-MacBook-Pro-188.local">
    <testsuite name="Core Types" file="__tests__/unit/core/types.test.ts" line="35" tests="39" assertions="128" failures="0" skipped="0" time="0" hostname="Andrews-MacBook-Pro-188.local">
      <testsuite name="View Interface" file="__tests__/unit/core/types.test.ts" line="36" tests="3" assertions="7" failures="0" skipped="0" time="0" hostname="Andrews-MacBook-Pro-188.local">
        <testcase name="creates a valid view with render function" classname="View Interface &amp;gt; Core Types" time="0.000076" file="__tests__/unit/core/types.test.ts" line="37" assertions="3" />
        <testcase name="creates view with only render function" classname="View Interface &amp;gt; Core Types" time="0.000023" file="__tests__/unit/core/types.test.ts" line="49" assertions="3" />
        <testcase name="view render returns Effect" classname="View Interface &amp;gt; Core Types" time="0.000094" file="__tests__/unit/core/types.test.ts" line="59" assertions="1" />
      </testsuite>
      <testsuite name="Component Interface" file="__tests__/unit/core/types.test.ts" line="69" tests="5" assertions="9" failures="0" skipped="0" time="0" hostname="Andrews-MacBook-Pro-188.local">
        <testcase name="has required component methods" classname="Component Interface &amp;gt; Core Types" time="0.00001" file="__tests__/unit/core/types.test.ts" line="90" assertions="3" />
        <testcase name="init returns model and commands" classname="Component Interface &amp;gt; Core Types" time="0.000062" file="__tests__/unit/core/types.test.ts" line="96" assertions="2" />
        <testcase name="update processes messages correctly" classname="Component Interface &amp;gt; Core Types" time="0.000075" file="__tests__/unit/core/types.test.ts" line="102" assertions="2" />
        <testcase name="view renders model" classname="Component Interface &amp;gt; Core Types" time="0.000061" file="__tests__/unit/core/types.test.ts" line="112" assertions="1" />
        <testcase name="handles component with subscriptions" classname="Component Interface &amp;gt; Core Types" time="0.000023" file="__tests__/unit/core/types.test.ts" line="120" assertions="1" />
      </testsuite>
      <testsuite name="System Messages" file="__tests__/unit/core/types.test.ts" line="130" tests="4" assertions="14" failures="0" skipped="0" time="0" hostname="Andrews-MacBook-Pro-188.local">
        <testcase name="creates KeyPress system message" classname="System Messages &amp;gt; Core Types" time="0.000029" file="__tests__/unit/core/types.test.ts" line="131" assertions="2" />
        <testcase name="creates MouseEvent system message" classname="System Messages &amp;gt; Core Types" time="0.000023" file="__tests__/unit/core/types.test.ts" line="147" assertions="3" />
        <testcase name="creates WindowResize system message" classname="System Messages &amp;gt; Core Types" time="0.00001" file="__tests__/unit/core/types.test.ts" line="168" assertions="3" />
        <testcase name="creates other system messages" classname="System Messages &amp;gt; Core Types" time="0.00003" file="__tests__/unit/core/types.test.ts" line="184" assertions="6" />
      </testsuite>
      <testsuite name="Component Messages" file="__tests__/unit/core/types.test.ts" line="200" tests="1" assertions="3" failures="0" skipped="0" time="0" hostname="Andrews-MacBook-Pro-188.local">
        <testcase name="combines system and custom messages" classname="Component Messages &amp;gt; Core Types" time="0.000015" file="__tests__/unit/core/types.test.ts" line="203" assertions="3" />
      </testsuite>
      <testsuite name="Input Events" file="__tests__/unit/core/types.test.ts" line="213" tests="2" assertions="6" failures="0" skipped="0" time="0" hostname="Andrews-MacBook-Pro-188.local">
        <testcase name="creates MouseEvent" classname="Input Events &amp;gt; Core Types" time="0.000007" file="__tests__/unit/core/types.test.ts" line="214" assertions="4" />
        <testcase name="creates WindowSize" classname="Input Events &amp;gt; Core Types" time="0.000011" file="__tests__/unit/core/types.test.ts" line="231" assertions="2" />
      </testsuite>
      <testsuite name="Application Configuration" file="__tests__/unit/core/types.test.ts" line="242" tests="4" assertions="14" failures="0" skipped="0" time="0" hostname="Andrews-MacBook-Pro-188.local">
        <testcase name="creates AppOptions with all properties" classname="Application Configuration &amp;gt; Core Types" time="0.000018" file="__tests__/unit/core/types.test.ts" line="243" assertions="5" />
        <testcase name="creates minimal AppOptions" classname="Application Configuration &amp;gt; Core Types" time="0.000008" file="__tests__/unit/core/types.test.ts" line="259" assertions="2" />
        <testcase name="creates Viewport" classname="Application Configuration &amp;gt; Core Types" time="0.000011" file="__tests__/unit/core/types.test.ts" line="266" assertions="4" />
        <testcase name="creates TerminalCapabilities" classname="Application Configuration &amp;gt; Core Types" time="0.000012" file="__tests__/unit/core/types.test.ts" line="280" assertions="3" />
      </testsuite>
      <testsuite name="Error Types" file="__tests__/unit/core/types.test.ts" line="295" tests="8" assertions="52" failures="0" skipped="0" time="0" hostname="Andrews-MacBook-Pro-188.local">
        <testcase name="creates TerminalError" classname="Error Types &amp;gt; Core Types" time="0.00009" file="__tests__/unit/core/types.test.ts" line="296" assertions="4" />
        <testcase name="creates TerminalError without cause" classname="Error Types &amp;gt; Core Types" time="0.000019" file="__tests__/unit/core/types.test.ts" line="308" assertions="3" />
        <testcase name="creates InputError with all device types" classname="Error Types &amp;gt; Core Types" time="0.000057" file="__tests__/unit/core/types.test.ts" line="318" assertions="9" />
        <testcase name="creates RenderError with all phases" classname="Error Types &amp;gt; Core Types" time="0.00008" file="__tests__/unit/core/types.test.ts" line="346" assertions="11" />
        <testcase name="creates StorageError with all operations" classname="Error Types &amp;gt; Core Types" time="0.000059" file="__tests__/unit/core/types.test.ts" line="378" assertions="12" />
        <testcase name="error types can be used in union" classname="Error Types &amp;gt; Core Types" time="0.000034" file="__tests__/unit/core/types.test.ts" line="411" assertions="5" />
        <testcase name="errors inherit from Error class" classname="Error Types &amp;gt; Core Types" time="0.000025" file="__tests__/unit/core/types.test.ts" line="426" assertions="4" />
        <testcase name="errors can be thrown and caught" classname="Error Types &amp;gt; Core Types" time="0.000077" file="__tests__/unit/core/types.test.ts" line="438" assertions="4" />
      </testsuite>
      <testsuite name="Utility Types" file="__tests__/unit/core/types.test.ts" line="455" tests="4" assertions="8" failures="0" skipped="0" time="0" hostname="Andrews-MacBook-Pro-188.local">
        <testcase name="extracts model type" classname="Utility Types &amp;gt; Core Types" time="0.00001" file="__tests__/unit/core/types.test.ts" line="465" assertions="1" />
        <testcase name="extracts message type" classname="Utility Types &amp;gt; Core Types" time="0.000014" file="__tests__/unit/core/types.test.ts" line="472" assertions="1" />
        <testcase name="creates Program" classname="Utility Types &amp;gt; Core Types" time="0.000024" file="__tests__/unit/core/types.test.ts" line="479" assertions="2" />
        <testcase name="creates RuntimeState" classname="Utility Types &amp;gt; Core Types" time="0.00002" file="__tests__/unit/core/types.test.ts" line="492" assertions="4" />
      </testsuite>
      <testsuite name="Effect and Stream Types" file="__tests__/unit/core/types.test.ts" line="513" tests="3" assertions="3" failures="0" skipped="0" time="0" hostname="Andrews-MacBook-Pro-188.local">
        <testcase name="creates Cmd type" classname="Effect and Stream Types &amp;gt; Core Types" time="0.000009" file="__tests__/unit/core/types.test.ts" line="514" assertions="1" />
        <testcase name="creates Sub type" classname="Effect and Stream Types &amp;gt; Core Types" time="0.000013" file="__tests__/unit/core/types.test.ts" line="520" assertions="1" />
        <testcase name="runs command effect" classname="Effect and Stream Types &amp;gt; Core Types" time="0.000051" file="__tests__/unit/core/types.test.ts" line="526" assertions="1" />
      </testsuite>
      <testsuite name="Type Guards and Validation" file="__tests__/unit/core/types.test.ts" line="534" tests="2" assertions="6" failures="0" skipped="0" time="0" hostname="Andrews-MacBook-Pro-188.local">
        <testcase name="validates View structure" classname="Type Guards and Validation &amp;gt; Core Types" time="0.000019" file="__tests__/unit/core/types.test.ts" line="535" assertions="3" />
        <testcase name="validates Component structure" classname="Type Guards and Validation &amp;gt; Core Types" time="0.000021" file="__tests__/unit/core/types.test.ts" line="545" assertions="3" />
      </testsuite>
      <testsuite name="Complex Component Scenarios" file="__tests__/unit/core/types.test.ts" line="561" tests="3" assertions="6" failures="0" skipped="0" time="0" hostname="Andrews-MacBook-Pro-188.local">
        <testcase name="handles complex state updates" classname="Complex Component Scenarios &amp;gt; Core Types" time="0.000138" file="__tests__/unit/core/types.test.ts" line="616" assertions="4" />
        <testcase name="renders complex state correctly" classname="Complex Component Scenarios &amp;gt; Core Types" time="0.000098" file="__tests__/unit/core/types.test.ts" line="636" assertions="1" />
        <testcase name="renders loading state" classname="Complex Component Scenarios &amp;gt; Core Types" time="0.000043" file="__tests__/unit/core/types.test.ts" line="649" assertions="1" />
      </testsuite>
    </testsuite>
  </testsuite>
  <testsuite name="__tests__/unit/core/keys.test.ts" file="__tests__/unit/core/keys.test.ts" tests="42" assertions="156" failures="0" skipped="0" time="0" hostname="Andrews-MacBook-Pro-188.local">
    <testsuite name="Core Keys" file="__tests__/unit/core/keys.test.ts" line="15" tests="42" assertions="156" failures="0" skipped="0" time="0" hostname="Andrews-MacBook-Pro-188.local">
      <testsuite name="KeyType enum" file="__tests__/unit/core/keys.test.ts" line="16" tests="5" assertions="23" failures="0" skipped="0" time="0" hostname="Andrews-MacBook-Pro-188.local">
        <testcase name="has all expected key types" classname="KeyType enum &amp;gt; Core Keys" time="0.000026" file="__tests__/unit/core/keys.test.ts" line="17" assertions="7" />
        <testcase name="has navigation keys" classname="KeyType enum &amp;gt; Core Keys" time="0.000022" file="__tests__/unit/core/keys.test.ts" line="27" assertions="8" />
        <testcase name="has function keys" classname="KeyType enum &amp;gt; Core Keys" time="0.000016" file="__tests__/unit/core/keys.test.ts" line="38" assertions="2" />
        <testcase name="has control keys" classname="KeyType enum &amp;gt; Core Keys" time="0.000012" file="__tests__/unit/core/keys.test.ts" line="43" assertions="3" />
        <testcase name="has modified navigation keys" classname="KeyType enum &amp;gt; Core Keys" time="0.000009" file="__tests__/unit/core/keys.test.ts" line="49" assertions="3" />
      </testsuite>
      <testsuite name="ANSI_SEQUENCES" file="__tests__/unit/core/keys.test.ts" line="56" tests="9" assertions="27" failures="0" skipped="0" time="0" hostname="Andrews-MacBook-Pro-188.local">
        <testcase name="maps basic arrow keys" classname="ANSI_SEQUENCES &amp;gt; Core Keys" time="0.000037" file="__tests__/unit/core/keys.test.ts" line="57" assertions="4" />
        <testcase name="maps VT sequences" classname="ANSI_SEQUENCES &amp;gt; Core Keys" time="0.000018" file="__tests__/unit/core/keys.test.ts" line="64" assertions="2" />
        <testcase name="maps modified arrows with shift" classname="ANSI_SEQUENCES &amp;gt; Core Keys" time="0.000015" file="__tests__/unit/core/keys.test.ts" line="69" assertions="2" />
        <testcase name="maps modified arrows with alt" classname="ANSI_SEQUENCES &amp;gt; Core Keys" time="0.000004" file="__tests__/unit/core/keys.test.ts" line="82" assertions="1" />
        <testcase name="maps modified arrows with ctrl" classname="ANSI_SEQUENCES &amp;gt; Core Keys" time="0.000009" file="__tests__/unit/core/keys.test.ts" line="90" assertions="1" />
        <testcase name="maps function keys" classname="ANSI_SEQUENCES &amp;gt; Core Keys" time="0.00002" file="__tests__/unit/core/keys.test.ts" line="98" assertions="4" />
        <testcase name="maps navigation keys" classname="ANSI_SEQUENCES &amp;gt; Core Keys" time="0.000026" file="__tests__/unit/core/keys.test.ts" line="105" assertions="5" />
        <testcase name="maps special keys" classname="ANSI_SEQUENCES &amp;gt; Core Keys" time="0.000032" file="__tests__/unit/core/keys.test.ts" line="113" assertions="7" />
        <testcase name="maps shift+tab" classname="ANSI_SEQUENCES &amp;gt; Core Keys" time="0.00001" file="__tests__/unit/core/keys.test.ts" line="123" assertions="1" />
      </testsuite>
      <testsuite name="getKeyName" file="__tests__/unit/core/keys.test.ts" line="132" tests="8" assertions="8" failures="0" skipped="0" time="0" hostname="Andrews-MacBook-Pro-188.local">
        <testcase name="returns key for special keys" classname="getKeyName &amp;gt; Core Keys" time="0.000047" file="__tests__/unit/core/keys.test.ts" line="133" assertions="1" />
        <testcase name="builds key name for runes without modifiers" classname="getKeyName &amp;gt; Core Keys" time="0.000025" file="__tests__/unit/core/keys.test.ts" line="145" assertions="1" />
        <testcase name="builds key name for runes with ctrl" classname="getKeyName &amp;gt; Core Keys" time="0.000013" file="__tests__/unit/core/keys.test.ts" line="158" assertions="1" />
        <testcase name="builds key name for runes with alt" classname="getKeyName &amp;gt; Core Keys" time="0.000084" file="__tests__/unit/core/keys.test.ts" line="171" assertions="1" />
        <testcase name="builds key name for runes with shift" classname="getKeyName &amp;gt; Core Keys" time="0.000023" file="__tests__/unit/core/keys.test.ts" line="184" assertions="1" />
        <testcase name="builds key name for runes with meta" classname="getKeyName &amp;gt; Core Keys" time="0.00001" file="__tests__/unit/core/keys.test.ts" line="197" assertions="1" />
        <testcase name="builds key name with multiple modifiers in correct order" classname="getKeyName &amp;gt; Core Keys" time="0.000022" file="__tests__/unit/core/keys.test.ts" line="210" assertions="1" />
        <testcase name="does not include shift for lowercase runes" classname="getKeyName &amp;gt; Core Keys" time="0.000013" file="__tests__/unit/core/keys.test.ts" line="223" assertions="1" />
      </testsuite>
      <testsuite name="parseChar" file="__tests__/unit/core/keys.test.ts" line="237" tests="5" assertions="27" failures="0" skipped="0" time="0" hostname="Andrews-MacBook-Pro-188.local">
        <testcase name="parses regular character" classname="parseChar &amp;gt; Core Keys" time="0.000069" file="__tests__/unit/core/keys.test.ts" line="238" assertions="7" />
        <testcase name="parses character with modifiers" classname="parseChar &amp;gt; Core Keys" time="0.000022" file="__tests__/unit/core/keys.test.ts" line="249" assertions="6" />
        <testcase name="parses control character" classname="parseChar &amp;gt; Core Keys" time="0.000024" file="__tests__/unit/core/keys.test.ts" line="259" assertions="4" />
        <testcase name="parses unknown control character as runes" classname="parseChar &amp;gt; Core Keys" time="0.000021" file="__tests__/unit/core/keys.test.ts" line="268" assertions="4" />
        <testcase name="handles edge cases" classname="parseChar &amp;gt; Core Keys" time="0.000022" file="__tests__/unit/core/keys.test.ts" line="276" assertions="6" />
      </testsuite>
      <testsuite name="KeyUtils" file="__tests__/unit/core/keys.test.ts" line="294" tests="10" assertions="48" failures="0" skipped="0" time="0" hostname="Andrews-MacBook-Pro-188.local">
        <testsuite name="matches" file="__tests__/unit/core/keys.test.ts" line="295" tests="2" assertions="6" failures="0" skipped="0" time="0" hostname="Andrews-MacBook-Pro-188.local">
          <testcase name="matches key event against patterns" classname="matches &amp;gt; KeyUtils &amp;gt; Core Keys" time="0.00006" file="__tests__/unit/core/keys.test.ts" line="296" assertions="4" />
          <testcase name="works with multiple patterns" classname="matches &amp;gt; KeyUtils &amp;gt; Core Keys" time="0.000015" file="__tests__/unit/core/keys.test.ts" line="312" assertions="2" />
        </testsuite>
        <testsuite name="binding" file="__tests__/unit/core/keys.test.ts" line="327" tests="3" assertions="8" failures="0" skipped="0" time="0" hostname="Andrews-MacBook-Pro-188.local">
          <testcase name="creates a key binding" classname="binding &amp;gt; KeyUtils &amp;gt; Core Keys" time="0.000044" file="__tests__/unit/core/keys.test.ts" line="328" assertions="3" />
          <testcase name="key binding matches function works" classname="binding &amp;gt; KeyUtils &amp;gt; Core Keys" time="0.000031" file="__tests__/unit/core/keys.test.ts" line="336" assertions="3" />
          <testcase name="creates binding without help" classname="binding &amp;gt; KeyUtils &amp;gt; Core Keys" time="0.000011" file="__tests__/unit/core/keys.test.ts" line="372" assertions="2" />
        </testsuite>
        <testsuite name="common bindings" file="__tests__/unit/core/keys.test.ts" line="380" tests="5" assertions="34" failures="0" skipped="0" time="0" hostname="Andrews-MacBook-Pro-188.local">
          <testcase name="has quit binding" classname="common bindings &amp;gt; KeyUtils &amp;gt; Core Keys" time="0.000023" file="__tests__/unit/core/keys.test.ts" line="381" assertions="2" />
          <testcase name="has help binding" classname="common bindings &amp;gt; KeyUtils &amp;gt; Core Keys" time="0.000013" file="__tests__/unit/core/keys.test.ts" line="387" assertions="2" />
          <testcase name="has navigation bindings" classname="common bindings &amp;gt; KeyUtils &amp;gt; Core Keys" time="0.00001" file="__tests__/unit/core/keys.test.ts" line="393" assertions="4" />
          <testcase name="has action bindings" classname="common bindings &amp;gt; KeyUtils &amp;gt; Core Keys" time="0.000016" file="__tests__/unit/core/keys.test.ts" line="400" assertions="2" />
          <testcase name="all bindings have help text" classname="common bindings &amp;gt; KeyUtils &amp;gt; Core Keys" time="0.000034" file="__tests__/unit/core/keys.test.ts" line="405" assertions="24" />
        </testsuite>
      </testsuite>
      <testsuite name="KeyEvent interface" file="__tests__/unit/core/keys.test.ts" line="415" tests="2" assertions="12" failures="0" skipped="0" time="0" hostname="Andrews-MacBook-Pro-188.local">
        <testcase name="creates a valid key event" classname="KeyEvent interface &amp;gt; Core Keys" time="0.000022" file="__tests__/unit/core/keys.test.ts" line="416" assertions="9" />
        <testcase name="handles optional properties" classname="KeyEvent interface &amp;gt; Core Keys" time="0.000016" file="__tests__/unit/core/keys.test.ts" line="440" assertions="3" />
      </testsuite>
      <testsuite name="Integration scenarios" file="__tests__/unit/core/keys.test.ts" line="456" tests="3" assertions="11" failures="0" skipped="0" time="0" hostname="Andrews-MacBook-Pro-188.local">
        <testcase name="handles complex key combinations" classname="Integration scenarios &amp;gt; Core Keys" time="0.000021" file="__tests__/unit/core/keys.test.ts" line="457" assertions="4" />
        <testcase name="processes ANSI sequences correctly" classname="Integration scenarios &amp;gt; Core Keys" time="0.000027" file="__tests__/unit/core/keys.test.ts" line="466" assertions="5" />
        <testcase name="matches key bindings in real usage" classname="Integration scenarios &amp;gt; Core Keys" time="0.000019" file="__tests__/unit/core/keys.test.ts" line="477" assertions="2" />
      </testsuite>
    </testsuite>
  </testsuite>
  <testsuite name="__tests__/unit/core/view.test.ts" file="__tests__/unit/core/view.test.ts" tests="63" assertions="143" failures="0" skipped="0" time="0" hostname="Andrews-MacBook-Pro-188.local">
    <testsuite name="Core View System" file="__tests__/unit/core/view.test.ts" line="36" tests="63" assertions="143" failures="0" skipped="0" time="0" hostname="Andrews-MacBook-Pro-188.local">
      <testsuite name="text" file="__tests__/unit/core/view.test.ts" line="37" tests="5" assertions="13" failures="0" skipped="0" time="0" hostname="Andrews-MacBook-Pro-188.local">
        <testcase name="creates a simple text view" classname="text &amp;gt; Core View System" time="0.000104" file="__tests__/unit/core/view.test.ts" line="38" assertions="3" />
        <testcase name="handles multi-line text" classname="text &amp;gt; Core View System" time="0.000034" file="__tests__/unit/core/view.test.ts" line="48" assertions="3" />
        <testcase name="handles empty text" classname="text &amp;gt; Core View System" time="0.000042" file="__tests__/unit/core/view.test.ts" line="58" assertions="3" />
        <testcase name="calculates width correctly for varying line lengths" classname="text &amp;gt; Core View System" time="0.000025" file="__tests__/unit/core/view.test.ts" line="68" assertions="2" />
        <testcase name="handles unicode characters" classname="text &amp;gt; Core View System" time="0.000044" file="__tests__/unit/core/view.test.ts" line="75" assertions="2" />
      </testsuite>
      <testsuite name="empty" file="__tests__/unit/core/view.test.ts" line="86" tests="1" assertions="3" failures="0" skipped="0" time="0" hostname="Andrews-MacBook-Pro-188.local">
        <testcase name="creates an empty view" classname="empty &amp;gt; Core View System" time="0.000028" file="__tests__/unit/core/view.test.ts" line="87" assertions="3" />
      </testsuite>
      <testsuite name="createView" file="__tests__/unit/core/view.test.ts" line="96" tests="1" assertions="3" failures="0" skipped="0" time="0" hostname="Andrews-MacBook-Pro-188.local">
        <testcase name="is an alias for text function" classname="createView &amp;gt; Core View System" time="0.000051" file="__tests__/unit/core/view.test.ts" line="97" assertions="3" />
      </testsuite>
      <testsuite name="isView" file="__tests__/unit/core/view.test.ts" line="110" tests="3" assertions="8" failures="0" skipped="0" time="0" hostname="Andrews-MacBook-Pro-188.local">
        <testcase name="identifies valid view objects" classname="isView &amp;gt; Core View System" time="0.000021" file="__tests__/unit/core/view.test.ts" line="111" assertions="1" />
        <testcase name="rejects non-view objects" classname="isView &amp;gt; Core View System" time="0.000026" file="__tests__/unit/core/view.test.ts" line="116" assertions="6" />
        <testcase name="identifies objects with render function" classname="isView &amp;gt; Core View System" time="0.000016" file="__tests__/unit/core/view.test.ts" line="125" assertions="1" />
      </testsuite>
      <testsuite name="measureView" file="__tests__/unit/core/view.test.ts" line="135" tests="3" assertions="6" failures="0" skipped="0" time="0" hostname="Andrews-MacBook-Pro-188.local">
        <testcase name="measures view dimensions" classname="measureView &amp;gt; Core View System" time="0.000052" file="__tests__/unit/core/view.test.ts" line="136" assertions="2" />
        <testcase name="handles undefined dimensions" classname="measureView &amp;gt; Core View System" time="0.00004" file="__tests__/unit/core/view.test.ts" line="144" assertions="2" />
        <testcase name="measures empty view" classname="measureView &amp;gt; Core View System" time="0.000032" file="__tests__/unit/core/view.test.ts" line="154" assertions="2" />
      </testsuite>
      <testsuite name="renderView" file="__tests__/unit/core/view.test.ts" line="161" tests="2" assertions="2" failures="0" skipped="0" time="0" hostname="Andrews-MacBook-Pro-188.local">
        <testcase name="renders a view to string" classname="renderView &amp;gt; Core View System" time="0.000032" file="__tests__/unit/core/view.test.ts" line="162" assertions="1" />
        <testcase name="handles multi-line content" classname="renderView &amp;gt; Core View System" time="0.000035" file="__tests__/unit/core/view.test.ts" line="168" assertions="1" />
      </testsuite>
      <testsuite name="styledText" file="__tests__/unit/core/view.test.ts" line="175" tests="4" assertions="9" failures="0" skipped="0" time="0" hostname="Andrews-MacBook-Pro-188.local">
        <testcase name="creates styled text using new styling system" classname="styledText &amp;gt; Core View System" time="0.000153" file="__tests__/unit/core/view.test.ts" line="176" assertions="4" />
        <testcase name="respects style dimensions" classname="styledText &amp;gt; Core View System" time="0.000062" file="__tests__/unit/core/view.test.ts" line="188" assertions="2" />
        <testcase name="handles multi-line content" classname="styledText &amp;gt; Core View System" time="0.000027" file="__tests__/unit/core/view.test.ts" line="196" assertions="1" />
        <testcase name="handles style without dimensions" classname="styledText &amp;gt; Core View System" time="0.000048" file="__tests__/unit/core/view.test.ts" line="203" assertions="2" />
      </testsuite>
      <testsuite name="vstack" file="__tests__/unit/core/view.test.ts" line="212" tests="5" assertions="13" failures="0" skipped="0" time="0" hostname="Andrews-MacBook-Pro-188.local">
        <testcase name="stacks views vertically" classname="vstack &amp;gt; Core View System" time="0.000078" file="__tests__/unit/core/view.test.ts" line="213" assertions="3" />
        <testcase name="handles empty views in stack" classname="vstack &amp;gt; Core View System" time="0.000058" file="__tests__/unit/core/view.test.ts" line="227" assertions="2" />
        <testcase name="handles single view" classname="vstack &amp;gt; Core View System" time="0.000042" file="__tests__/unit/core/view.test.ts" line="240" assertions="3" />
        <testcase name="handles no views" classname="vstack &amp;gt; Core View System" time="0.000046" file="__tests__/unit/core/view.test.ts" line="251" assertions="3" />
        <testcase name="handles multi-line views" classname="vstack &amp;gt; Core View System" time="0.000042" file="__tests__/unit/core/view.test.ts" line="261" assertions="2" />
      </testsuite>
      <testsuite name="hstack" file="__tests__/unit/core/view.test.ts" line="274" tests="7" assertions="19" failures="0" skipped="0" time="0" hostname="Andrews-MacBook-Pro-188.local">
        <testcase name="stacks views horizontally" classname="hstack &amp;gt; Core View System" time="0.000058" file="__tests__/unit/core/view.test.ts" line="275" assertions="3" />
        <testcase name="handles different height views" classname="hstack &amp;gt; Core View System" time="0.000057" file="__tests__/unit/core/view.test.ts" line="288" assertions="3" />
        <testcase name="pads shorter views to match height" classname="hstack &amp;gt; Core View System" time="0.000049" file="__tests__/unit/core/view.test.ts" line="301" assertions="3" />
        <testcase name="pads lines to view width" classname="hstack &amp;gt; Core View System" time="0.000051" file="__tests__/unit/core/view.test.ts" line="314" assertions="1" />
        <testcase name="handles empty views" classname="hstack &amp;gt; Core View System" time="0.000042" file="__tests__/unit/core/view.test.ts" line="324" assertions="3" />
        <testcase name="handles no views" classname="hstack &amp;gt; Core View System" time="0.000041" file="__tests__/unit/core/view.test.ts" line="337" assertions="3" />
        <testcase name="handles multiple multi-line views" classname="hstack &amp;gt; Core View System" time="0.000049" file="__tests__/unit/core/view.test.ts" line="347" assertions="3" />
      </testsuite>
      <testsuite name="box" file="__tests__/unit/core/view.test.ts" line="362" tests="4" assertions="19" failures="0" skipped="0" time="0" hostname="Andrews-MacBook-Pro-188.local">
        <testcase name="creates a box around a view" classname="box &amp;gt; Core View System" time="0.000199" file="__tests__/unit/core/view.test.ts" line="363" assertions="5" />
        <testcase name="handles multi-line content" classname="box &amp;gt; Core View System" time="0.000061" file="__tests__/unit/core/view.test.ts" line="378" assertions="7" />
        <testcase name="handles empty content" classname="box &amp;gt; Core View System" time="0.000039" file="__tests__/unit/core/view.test.ts" line="395" assertions="5" />
        <testcase name="handles varying line widths" classname="box &amp;gt; Core View System" time="0.000041" file="__tests__/unit/core/view.test.ts" line="409" assertions="2" />
      </testsuite>
      <testsuite name="center" file="__tests__/unit/core/view.test.ts" line="421" tests="6" assertions="8" failures="0" skipped="0" time="0" hostname="Andrews-MacBook-Pro-188.local">
        <testcase name="centers a view within given width" classname="center &amp;gt; Core View System" time="0.000118" file="__tests__/unit/core/view.test.ts" line="422" assertions="3" />
        <testcase name="handles odd padding" classname="center &amp;gt; Core View System" time="0.000042" file="__tests__/unit/core/view.test.ts" line="433" assertions="1" />
        <testcase name="handles multi-line content" classname="center &amp;gt; Core View System" time="0.000022" file="__tests__/unit/core/view.test.ts" line="441" assertions="1" />
        <testcase name="handles content wider than total width" classname="center &amp;gt; Core View System" time="0.000028" file="__tests__/unit/core/view.test.ts" line="449" assertions="1" />
        <testcase name="handles zero width" classname="center &amp;gt; Core View System" time="0.00003" file="__tests__/unit/core/view.test.ts" line="457" assertions="1" />
        <testcase name="handles empty content" classname="center &amp;gt; Core View System" time="0.000022" file="__tests__/unit/core/view.test.ts" line="465" assertions="1" />
      </testsuite>
      <testsuite name="styled" file="__tests__/unit/core/view.test.ts" line="473" tests="2" assertions="6" failures="0" skipped="0" time="0" hostname="Andrews-MacBook-Pro-188.local">
        <testcase name="applies ANSI styling to a view" classname="styled &amp;gt; Core View System" time="0.000119" file="__tests__/unit/core/view.test.ts" line="474" assertions="3" />
        <testcase name="preserves view dimensions" classname="styled &amp;gt; Core View System" time="0.000038" file="__tests__/unit/core/view.test.ts" line="485" assertions="3" />
      </testsuite>
      <testsuite name="style shortcuts" file="__tests__/unit/core/view.test.ts" line="497" tests="4" assertions="4" failures="0" skipped="0" time="0" hostname="Andrews-MacBook-Pro-188.local">
        <testcase name="applies bold styling" classname="style shortcuts &amp;gt; Core View System" time="0.000039" file="__tests__/unit/core/view.test.ts" line="500" assertions="1" />
        <testcase name="applies dim styling" classname="style shortcuts &amp;gt; Core View System" time="0.000043" file="__tests__/unit/core/view.test.ts" line="506" assertions="1" />
[...]
        <testcase name="renders simple text" classname="basic rendering &amp;gt; Renderer Service Implementation" time="0.002286" file="__tests__/unit/services/renderer-impl.test.ts" line="32" assertions="0" />
        <testcase name="renders styled text" classname="basic rendering &amp;gt; Renderer Service Implementation" time="0.000393" file="__tests__/unit/services/renderer-impl.test.ts" line="44" assertions="0" />
        <testcase name="handles empty text" classname="basic rendering &amp;gt; Renderer Service Implementation" time="0.000318" file="__tests__/unit/services/renderer-impl.test.ts" line="56" assertions="0" />
      </testsuite>
      <testsuite name="layout rendering" file="__tests__/unit/services/renderer-impl.test.ts" line="69" tests="3" assertions="0" failures="0" skipped="0" time="0" hostname="Andrews-MacBook-Pro-188.local">
        <testcase name="renders vertical stack" classname="layout rendering &amp;gt; Renderer Service Implementation" time="0.000368" file="__tests__/unit/services/renderer-impl.test.ts" line="70" assertions="0" />
        <testcase name="renders horizontal stack" classname="layout rendering &amp;gt; Renderer Service Implementation" time="0.000354" file="__tests__/unit/services/renderer-impl.test.ts" line="86" assertions="0" />
        <testcase name="renders nested layouts" classname="layout rendering &amp;gt; Renderer Service Implementation" time="0.00036" file="__tests__/unit/services/renderer-impl.test.ts" line="101" assertions="0" />
      </testsuite>
      <testsuite name="viewport management" file="__tests__/unit/services/renderer-impl.test.ts" line="121" tests="2" assertions="0" failures="0" skipped="0" time="0" hostname="Andrews-MacBook-Pro-188.local">
        <testcase name="handles viewport updates" classname="viewport management &amp;gt; Renderer Service Implementation" time="0.000497" file="__tests__/unit/services/renderer-impl.test.ts" line="122" assertions="0" />
        <testcase name="supports viewport operations" classname="viewport management &amp;gt; Renderer Service Implementation" time="0.000325" file="__tests__/unit/services/renderer-impl.test.ts" line="141" assertions="0" />
      </testsuite>
      <testsuite name="renderer reliability" file="__tests__/unit/services/renderer-impl.test.ts" line="154" tests="1" assertions="0" failures="0" skipped="0" time="0" hostname="Andrews-MacBook-Pro-188.local">
        <testcase name="handles consecutive renders" classname="renderer reliability &amp;gt; Renderer Service Implementation" time="0.000327" file="__tests__/unit/services/renderer-impl.test.ts" line="155" assertions="0" />
      </testsuite>
      <testsuite name="performance features" file="__tests__/unit/services/renderer-impl.test.ts" line="171" tests="2" assertions="0" failures="0" skipped="0" time="0" hostname="Andrews-MacBook-Pro-188.local">
        <testcase name="supports diff rendering" classname="performance features &amp;gt; Renderer Service Implementation" time="0.000342" file="__tests__/unit/services/renderer-impl.test.ts" line="172" assertions="0" />
        <testcase name="handles identical renders efficiently" classname="performance features &amp;gt; Renderer Service Implementation" time="0.000636" file="__tests__/unit/services/renderer-impl.test.ts" line="188" assertions="0" />
      </testsuite>
      <testsuite name="error handling" file="__tests__/unit/services/renderer-impl.test.ts" line="204" tests="1" assertions="1" failures="0" skipped="0" time="0" hostname="Andrews-MacBook-Pro-188.local">
        <testcase name="handles invalid views gracefully" classname="error handling &amp;gt; Renderer Service Implementation" time="0.000438" file="__tests__/unit/services/renderer-impl.test.ts" line="205" assertions="1" />
      </testsuite>
      <testsuite name="complex scenarios" file="__tests__/unit/services/renderer-impl.test.ts" line="226" tests="3" assertions="0" failures="0" skipped="0" time="0" hostname="Andrews-MacBook-Pro-188.local">
        <testcase name="renders large content" classname="complex scenarios &amp;gt; Renderer Service Implementation" time="0.000923" file="__tests__/unit/services/renderer-impl.test.ts" line="227" assertions="0" />
        <testcase name="handles rapid updates" classname="complex scenarios &amp;gt; Renderer Service Implementation" time="0.000615" file="__tests__/unit/services/renderer-impl.test.ts" line="242" assertions="0" />
        <testcase name="handles mixed content types" classname="complex scenarios &amp;gt; Renderer Service Implementation" time="0.00047" file="__tests__/unit/services/renderer-impl.test.ts" line="259" assertions="0" />
      </testsuite>
    </testsuite>
  </testsuite>
  <testsuite name="__tests__/unit/services/hit-test.test.ts" file="__tests__/unit/services/hit-test.test.ts" tests="11" assertions="35" failures="0" skipped="0" time="0" hostname="Andrews-MacBook-Pro-188.local">
    <testsuite name="Hit Test Service" file="__tests__/unit/services/hit-test.test.ts" line="10" tests="11" assertions="35" failures="0" skipped="0" time="0" hostname="Andrews-MacBook-Pro-188.local">
      <testcase name="registers and tests component bounds" classname="Hit Test Service" time="0.000654" file="__tests__/unit/services/hit-test.test.ts" line="27" assertions="7" />
      <testcase name="unregisters components" classname="Hit Test Service" time="0.000182" file="__tests__/unit/services/hit-test.test.ts" line="52" assertions="2" />
      <testcase name="clears all components" classname="Hit Test Service" time="0.000171" file="__tests__/unit/services/hit-test.test.ts" line="71" assertions="2" />
      <testcase name="handles overlapping components with z-index" classname="Hit Test Service" time="0.000139" file="__tests__/unit/services/hit-test.test.ts" line="91" assertions="2" />
      <testcase name="updates existing component bounds" classname="Hit Test Service" time="0.000149" file="__tests__/unit/services/hit-test.test.ts" line="109" assertions="3" />
      <testcase name="gets all registered component bounds" classname="Hit Test Service" time="0.000171" file="__tests__/unit/services/hit-test.test.ts" line="132" assertions="2" />
      <testcase name="finds all components at a point" classname="Hit Test Service" time="0.000203" file="__tests__/unit/services/hit-test.test.ts" line="151" assertions="2" />
      <testcase name="handles edge detection correctly" classname="Hit Test Service" time="0.000209" file="__tests__/unit/services/hit-test.test.ts" line="173" assertions="8" />
      <testcase name="calculates correct local coordinates" classname="Hit Test Service" time="0.00013" file="__tests__/unit/services/hit-test.test.ts" line="192" assertions="3" />
      <testcase name="handles zero-sized components" classname="Hit Test Service" time="0.000111" file="__tests__/unit/services/hit-test.test.ts" line="204" assertions="1" />
      <testcase name="handles negative coordinates" classname="Hit Test Service" time="0.000112" file="__tests__/unit/services/hit-test.test.ts" line="215" assertions="3" />
    </testsuite>
  </testsuite>
  <testsuite name="__tests__/unit/components/builders/panel-additional.test.ts" file="__tests__/unit/components/builders/panel-additional.test.ts" tests="18" assertions="32" failures="0" skipped="0" time="0" hostname="Andrews-MacBook-Pro-188.local">
    <testsuite name="Panel Builders - Additional Coverage" file="__tests__/unit/components/builders/panel-additional.test.ts" line="18" tests="18" assertions="32" failures="0" skipped="0" time="0" hostname="Andrews-MacBook-Pro-188.local">
      <testsuite name="Card" file="__tests__/unit/components/builders/panel-additional.test.ts" line="19" tests="2" assertions="3" failures="0" skipped="0" time="0" hostname="Andrews-MacBook-Pro-188.local">
        <testcase name="creates card with title" classname="Card &amp;gt; Panel Builders - Additional Coverage" time="0.000242" file="__tests__/unit/components/builders/panel-additional.test.ts" line="20" assertions="2" />
        <testcase name="creates card without title" classname="Card &amp;gt; Panel Builders - Additional Coverage" time="0.000061" file="__tests__/unit/components/builders/panel-additional.test.ts" line="28" assertions="1" />
      </testsuite>
      <testsuite name="Sidebar" file="__tests__/unit/components/builders/panel-additional.test.ts" line="36" tests="1" assertions="3" failures="0" skipped="0" time="0" hostname="Andrews-MacBook-Pro-188.local">
        <testcase name="creates sidebar" classname="Sidebar &amp;gt; Panel Builders - Additional Coverage" time="0.000109" file="__tests__/unit/components/builders/panel-additional.test.ts" line="37" assertions="3" />
      </testsuite>
      <testsuite name="StatusPanel" file="__tests__/unit/components/builders/panel-additional.test.ts" line="51" tests="5" assertions="9" failures="0" skipped="0" time="0" hostname="Andrews-MacBook-Pro-188.local">
        <testcase name="creates info status panel" classname="StatusPanel &amp;gt; Panel Builders - Additional Coverage" time="0.000115" file="__tests__/unit/components/builders/panel-additional.test.ts" line="52" assertions="2" />
        <testcase name="creates success status panel" classname="StatusPanel &amp;gt; Panel Builders - Additional Coverage" time="0.000078" file="__tests__/unit/components/builders/panel-additional.test.ts" line="61" assertions="2" />
        <testcase name="creates warning status panel" classname="StatusPanel &amp;gt; Panel Builders - Additional Coverage" time="0.000057" file="__tests__/unit/components/builders/panel-additional.test.ts" line="70" assertions="2" />
        <testcase name="creates error status panel" classname="StatusPanel &amp;gt; Panel Builders - Additional Coverage" time="0.000059" file="__tests__/unit/components/builders/panel-additional.test.ts" line="79" assertions="2" />
        <testcase name="handles unknown status type" classname="StatusPanel &amp;gt; Panel Builders - Additional Coverage" time="0.000067" file="__tests__/unit/components/builders/panel-additional.test.ts" line="88" assertions="1" />
      </testsuite>
      <testsuite name="CollapsiblePanel" file="__tests__/unit/components/builders/panel-additional.test.ts" line="97" tests="2" assertions="4" failures="0" skipped="0" time="0" hostname="Andrews-MacBook-Pro-188.local">
        <testcase name="shows content when not collapsed" classname="CollapsiblePanel &amp;gt; Panel Builders - Additional Coverage" time="0.000092" file="__tests__/unit/components/builders/panel-additional.test.ts" line="98" assertions="2" />
        <testcase name="hides content when collapsed" classname="CollapsiblePanel &amp;gt; Panel Builders - Additional Coverage" time="0.000056" file="__tests__/unit/components/builders/panel-additional.test.ts" line="110" assertions="2" />
      </testsuite>
      <testsuite name="ThemedPanel" file="__tests__/unit/components/builders/panel-additional.test.ts" line="123" tests="2" assertions="3" failures="0" skipped="0" time="0" hostname="Andrews-MacBook-Pro-188.local">
        <testcase name="creates themed panel with default options" classname="ThemedPanel &amp;gt; Panel Builders - Additional Coverage" time="0.000082" file="__tests__/unit/components/builders/panel-additional.test.ts" line="124" assertions="1" />
        <testcase name="creates themed panel with custom options" classname="ThemedPanel &amp;gt; Panel Builders - Additional Coverage" time="0.00008" file="__tests__/unit/components/builders/panel-additional.test.ts" line="131" assertions="2" />
      </testsuite>
      <testsuite name="FloatingPanel" file="__tests__/unit/components/builders/panel-additional.test.ts" line="142" tests="2" assertions="3" failures="0" skipped="0" time="0" hostname="Andrews-MacBook-Pro-188.local">
        <testcase name="creates floating panel" classname="FloatingPanel &amp;gt; Panel Builders - Additional Coverage" time="0.000109" file="__tests__/unit/components/builders/panel-additional.test.ts" line="143" assertions="2" />
        <testcase name="creates floating panel without title" classname="FloatingPanel &amp;gt; Panel Builders - Additional Coverage" time="0.000074" file="__tests__/unit/components/builders/panel-additional.test.ts" line="154" assertions="1" />
      </testsuite>
      <testsuite name="Panel with array content" file="__tests__/unit/components/builders/panel-additional.test.ts" line="162" tests="1" assertions="4" failures="0" skipped="0" time="0" hostname="Andrews-MacBook-Pro-188.local">
        <testcase name="handles array of views" classname="Panel with array content &amp;gt; Panel Builders - Additional Coverage" time="0.00008" file="__tests__/unit/components/builders/panel-additional.test.ts" line="163" assertions="4" />
      </testsuite>
      <testsuite name="Panel with custom borders" file="__tests__/unit/components/builders/panel-additional.test.ts" line="180" tests="1" assertions="1" failures="0" skipped="0" time="0" hostname="Andrews-MacBook-Pro-188.local">
        <testcase name="uses custom border style" classname="Panel with custom borders &amp;gt; Panel Builders - Additional Coverage" time="0.000053" file="__tests__/unit/components/builders/panel-additional.test.ts" line="181" assertions="1" />
      </testsuite>
      <testsuite name="Panel edge cases" file="__tests__/unit/components/builders/panel-additional.test.ts" line="200" tests="2" assertions="2" failures="0" skipped="0" time="0" hostname="Andrews-MacBook-Pro-188.local">
        <testcase name="handles height option" classname="Panel edge cases &amp;gt; Panel Builders - Additional Coverage" time="0.000039" file="__tests__/unit/components/builders/panel-additional.test.ts" line="201" assertions="1" />
        <testcase name="handles different padding values" classname="Panel edge cases &amp;gt; Panel Builders - Additional Coverage" time="0.000054" file="__tests__/unit/components/builders/panel-additional.test.ts" line="210" assertions="1" />
      </testsuite>
    </testsuite>
  </testsuite>
  <testsuite name="__tests__/unit/components/builders/panel-coverage.test.ts" file="__tests__/unit/components/builders/panel-coverage.test.ts" tests="17" assertions="31" failures="0" skipped="0" time="0" hostname="Andrews-MacBook-Pro-188.local">
    <testsuite name="Panel Builders - Coverage" file="__tests__/unit/components/builders/panel-coverage.test.ts" line="18" tests="17" assertions="31" failures="0" skipped="0" time="0" hostname="Andrews-MacBook-Pro-188.local">
      <testsuite name="Panel" file="__tests__/unit/components/builders/panel-coverage.test.ts" line="19" tests="4" assertions="9" failures="0" skipped="0" time="0" hostname="Andrews-MacBook-Pro-188.local">
        <testcase name="creates basic panel" classname="Panel &amp;gt; Panel Builders - Coverage" time="0.000211" file="__tests__/unit/components/builders/panel-coverage.test.ts" line="20" assertions="4" />
        <testcase name="handles optional properties" classname="Panel &amp;gt; Panel Builders - Coverage" time="0.000045" file="__tests__/unit/components/builders/panel-coverage.test.ts" line="31" assertions="1" />
        <testcase name="supports custom width" classname="Panel &amp;gt; Panel Builders - Coverage" time="0.000041" file="__tests__/unit/components/builders/panel-coverage.test.ts" line="38" assertions="1" />
        <testcase name="supports multiline content" classname="Panel &amp;gt; Panel Builders - Coverage" time="0.000087" file="__tests__/unit/components/builders/panel-coverage.test.ts" line="48" assertions="3" />
      </testsuite>
      <testsuite name="HeaderPanel" file="__tests__/unit/components/builders/panel-coverage.test.ts" line="64" tests="2" assertions="3" failures="0" skipped="0" time="0" hostname="Andrews-MacBook-Pro-188.local">
        <testcase name="creates header panel with default style" classname="HeaderPanel &amp;gt; Panel Builders - Coverage" time="0.000083" file="__tests__/unit/components/builders/panel-coverage.test.ts" line="65" assertions="2" />
        <testcase name="accepts custom options" classname="HeaderPanel &amp;gt; Panel Builders - Coverage" time="0.0001" file="__tests__/unit/components/builders/panel-coverage.test.ts" line="73" assertions="1" />
      </testsuite>
      <testsuite name="InfoPanel" file="__tests__/unit/components/builders/panel-coverage.test.ts" line="81" tests="2" assertions="4" failures="0" skipped="0" time="0" hostname="Andrews-MacBook-Pro-188.local">
        <testcase name="creates info panel" classname="InfoPanel &amp;gt; Panel Builders - Coverage" time="0.000074" file="__tests__/unit/components/builders/panel-coverage.test.ts" line="82" assertions="2" />
        <testcase name="handles array content" classname="InfoPanel &amp;gt; Panel Builders - Coverage" time="0.000054" file="__tests__/unit/components/builders/panel-coverage.test.ts" line="90" assertions="2" />
      </testsuite>
      <testsuite name="SuccessPanel" file="__tests__/unit/components/builders/panel-coverage.test.ts" line="102" tests="2" assertions="3" failures="0" skipped="0" time="0" hostname="Andrews-MacBook-Pro-188.local">
        <testcase name="creates success panel" classname="SuccessPanel &amp;gt; Panel Builders - Coverage" time="0.000072" file="__tests__/unit/components/builders/panel-coverage.test.ts" line="103" assertions="2" />
        <testcase name="works without title" classname="SuccessPanel &amp;gt; Panel Builders - Coverage" time="0.000041" file="__tests__/unit/components/builders/panel-coverage.test.ts" line="111" assertions="1" />
      </testsuite>
      <testsuite name="WarningPanel" file="__tests__/unit/components/builders/panel-coverage.test.ts" line="119" tests="2" assertions="3" failures="0" skipped="0" time="0" hostname="Andrews-MacBook-Pro-188.local">
        <testcase name="creates warning panel" classname="WarningPanel &amp;gt; Panel Builders - Coverage" time="0.000059" file="__tests__/unit/components/builders/panel-coverage.test.ts" line="120" assertions="2" />
        <testcase name="supports custom width" classname="WarningPanel &amp;gt; Panel Builders - Coverage" time="0.000041" file="__tests__/unit/components/builders/panel-coverage.test.ts" line="128" assertions="1" />
      </testsuite>
      <testsuite name="ErrorPanel" file="__tests__/unit/components/builders/panel-coverage.test.ts" line="135" tests="2" assertions="5" failures="0" skipped="0" time="0" hostname="Andrews-MacBook-Pro-188.local">
        <testcase name="creates error panel" classname="ErrorPanel &amp;gt; Panel Builders - Coverage" time="0.000133" file="__tests__/unit/components/builders/panel-coverage.test.ts" line="136" assertions="2" />
        <testcase name="handles multiline error messages" classname="ErrorPanel &amp;gt; Panel Builders - Coverage" time="0.000104" file="__tests__/unit/components/builders/panel-coverage.test.ts" line="144" assertions="3" />
      </testsuite>
      <testsuite name="Panel edge cases" file="__tests__/unit/components/builders/panel-coverage.test.ts" line="158" tests="3" assertions="4" failures="0" skipped="0" time="0" hostname="Andrews-MacBook-Pro-188.local">
        <testcase name="handles empty content" classname="Panel edge cases &amp;gt; Panel Builders - Coverage" time="0.000041" file="__tests__/unit/components/builders/panel-coverage.test.ts" line="159" assertions="1" />
        <testcase name="handles very long titles" classname="Panel edge cases &amp;gt; Panel Builders - Coverage" time="0.000074" file="__tests__/unit/components/builders/panel-coverage.test.ts" line="165" assertions="1" />
        <testcase name="handles special characters" classname="Panel edge cases &amp;gt; Panel Builders - Coverage" time="0.000075" file="__tests__/unit/components/builders/panel-coverage.test.ts" line="174" assertions="2" />
      </testsuite>
    </testsuite>
  </testsuite>
</testsuites>
